<?xml version="1.0" encoding="UTF-8"?>
<coverage generated="1548820276751" clover="3.2.0">
  <project timestamp="1548820276751" name="All files">
    <metrics statements="144" coveredstatements="94" conditionals="24" coveredconditionals="9" methods="47" coveredmethods="18" elements="215" coveredelements="121" complexity="0" loc="144" ncloc="144" packages="3" files="8" classes="8">
      <package name="server">
        <metrics statements="23" coveredstatements="21" conditionals="2" coveredconditionals="1" methods="3" coveredmethods="2"/>
        <file name="app.js" path="/home/nethmip/pos-system/server/app.js">
          <metrics statements="23" coveredstatements="21" conditionals="2" coveredconditionals="1" methods="3" coveredmethods="2"/>
          <line num="2" count="1" type="stmt"/>
          <line num="3" count="1" type="stmt"/>
          <line num="4" count="1" type="stmt"/>
          <line num="6" count="1" type="stmt"/>
          <line num="7" count="1" type="stmt"/>
          <line num="8" count="1" type="stmt"/>
          <line num="10" count="1" type="stmt"/>
          <line num="13" count="1" type="stmt"/>
          <line num="14" count="1" type="stmt"/>
          <line num="17" count="1" type="stmt"/>
          <line num="19" count="1" type="stmt"/>
          <line num="20" count="0" type="stmt"/>
          <line num="22" count="1" type="stmt"/>
          <line num="24" count="10" type="stmt"/>
          <line num="25" count="10" type="stmt"/>
          <line num="27" count="10" type="stmt"/>
          <line num="31" count="10" type="cond" truecount="1" falsecount="1"/>
          <line num="32" count="0" type="stmt"/>
          <line num="34" count="10" type="stmt"/>
          <line num="39" count="1" type="stmt"/>
          <line num="40" count="1" type="stmt"/>
          <line num="41" count="1" type="stmt"/>
          <line num="43" count="1" type="stmt"/>
        </file>
      </package>
      <package name="server.models">
        <metrics statements="12" coveredstatements="12" conditionals="0" coveredconditionals="0" methods="0" coveredmethods="0"/>
        <file name="item.js" path="/home/nethmip/pos-system/server/models/item.js">
          <metrics statements="4" coveredstatements="4" conditionals="0" coveredconditionals="0" methods="0" coveredmethods="0"/>
          <line num="1" count="1" type="stmt"/>
          <line num="2" count="1" type="stmt"/>
          <line num="4" count="1" type="stmt"/>
          <line num="18" count="1" type="stmt"/>
        </file>
        <file name="order.js" path="/home/nethmip/pos-system/server/models/order.js">
          <metrics statements="4" coveredstatements="4" conditionals="0" coveredconditionals="0" methods="0" coveredmethods="0"/>
          <line num="1" count="1" type="stmt"/>
          <line num="2" count="1" type="stmt"/>
          <line num="4" count="1" type="stmt"/>
          <line num="17" count="1" type="stmt"/>
        </file>
        <file name="user.js" path="/home/nethmip/pos-system/server/models/user.js">
          <metrics statements="4" coveredstatements="4" conditionals="0" coveredconditionals="0" methods="0" coveredmethods="0"/>
          <line num="1" count="1" type="stmt"/>
          <line num="2" count="1" type="stmt"/>
          <line num="4" count="1" type="stmt"/>
          <line num="15" count="1" type="stmt"/>
        </file>
      </package>
      <package name="server.routes">
        <metrics statements="109" coveredstatements="61" conditionals="22" coveredconditionals="8" methods="44" coveredmethods="16"/>
        <file name="auth.js" path="/home/nethmip/pos-system/server/routes/auth.js">
          <metrics statements="13" coveredstatements="13" conditionals="4" coveredconditionals="4" methods="2" coveredmethods="2"/>
          <line num="1" count="1" type="stmt"/>
          <line num="3" count="1" type="stmt"/>
          <line num="5" count="1" type="stmt"/>
          <line num="6" count="9" type="stmt"/>
          <line num="7" count="9" type="cond" truecount="2" falsecount="0"/>
          <line num="8" count="8" type="stmt"/>
          <line num="9" count="8" type="cond" truecount="2" falsecount="0"/>
          <line num="11" count="1" type="stmt"/>
          <line num="13" count="1" type="stmt"/>
          <line num="16" count="7" type="stmt"/>
          <line num="17" count="7" type="stmt"/>
          <line num="19" count="8" type="stmt"/>
          <line num="25" count="1" type="stmt"/>
        </file>
        <file name="item.js" path="/home/nethmip/pos-system/server/routes/item.js">
          <metrics statements="20" coveredstatements="20" conditionals="2" coveredconditionals="2" methods="10" coveredmethods="10"/>
          <line num="1" count="1" type="stmt"/>
          <line num="2" count="1" type="stmt"/>
          <line num="4" count="1" type="stmt"/>
          <line num="5" count="1" type="stmt"/>
          <line num="8" count="1" type="stmt"/>
          <line num="9" count="3" type="stmt"/>
          <line num="10" count="3" type="stmt"/>
          <line num="14" count="1" type="stmt"/>
          <line num="15" count="2" type="stmt"/>
          <line num="16" count="2" type="cond" truecount="2" falsecount="0"/>
          <line num="17" count="1" type="stmt"/>
          <line num="18" count="1" type="stmt"/>
          <line num="23" count="1" type="stmt"/>
          <line num="24" count="1" type="stmt"/>
          <line num="25" count="1" type="stmt"/>
          <line num="29" count="1" type="stmt"/>
          <line num="30" count="2" type="stmt"/>
          <line num="31" count="2" type="stmt"/>
          <line num="32" count="1" type="stmt"/>
          <line num="35" count="1" type="stmt"/>
        </file>
        <file name="order.js" path="/home/nethmip/pos-system/server/routes/order.js">
          <metrics statements="47" coveredstatements="12" conditionals="10" coveredconditionals="0" methods="21" coveredmethods="0"/>
          <line num="1" count="1" type="stmt"/>
          <line num="2" count="1" type="stmt"/>
          <line num="4" count="1" type="stmt"/>
          <line num="5" count="1" type="stmt"/>
          <line num="6" count="1" type="stmt"/>
          <line num="9" count="1" type="stmt"/>
          <line num="10" count="0" type="stmt"/>
          <line num="13" count="0" type="stmt"/>
          <line num="14" count="0" type="stmt"/>
          <line num="19" count="1" type="stmt"/>
          <line num="20" count="0" type="stmt"/>
          <line num="23" count="0" type="stmt"/>
          <line num="28" count="1" type="stmt"/>
          <line num="29" count="0" type="stmt"/>
          <line num="30" count="0" type="stmt"/>
          <line num="31" count="0" type="stmt"/>
          <line num="35" count="1" type="stmt"/>
          <line num="36" count="0" type="stmt"/>
          <line num="38" count="0" type="stmt"/>
          <line num="40" count="0" type="stmt"/>
          <line num="41" count="0" type="stmt"/>
          <line num="48" count="1" type="stmt"/>
          <line num="49" count="0" type="stmt"/>
          <line num="52" count="0" type="cond" truecount="0" falsecount="2"/>
          <line num="53" count="0" type="stmt"/>
          <line num="55" count="0" type="stmt"/>
          <line num="56" count="0" type="stmt"/>
          <line num="57" count="0" type="cond" truecount="0" falsecount="2"/>
          <line num="58" count="0" type="stmt"/>
          <line num="59" count="0" type="stmt"/>
          <line num="61" count="0" type="stmt"/>
          <line num="62" count="0" type="stmt"/>
          <line num="66" count="0" type="cond" truecount="0" falsecount="2"/>
          <line num="67" count="0" type="stmt"/>
          <line num="68" count="0" type="cond" truecount="0" falsecount="2"/>
          <line num="69" count="0" type="stmt"/>
          <line num="71" count="0" type="stmt"/>
          <line num="76" count="0" type="stmt"/>
          <line num="77" count="0" type="stmt"/>
          <line num="86" count="1" type="stmt"/>
          <line num="87" count="0" type="stmt"/>
          <line num="91" count="0" type="cond" truecount="0" falsecount="2"/>
          <line num="92" count="0" type="stmt"/>
          <line num="94" count="0" type="stmt"/>
          <line num="96" count="0" type="stmt"/>
          <line num="97" count="0" type="stmt"/>
          <line num="103" count="1" type="stmt"/>
        </file>
        <file name="user.js" path="/home/nethmip/pos-system/server/routes/user.js">
          <metrics statements="29" coveredstatements="16" conditionals="6" coveredconditionals="2" methods="11" coveredmethods="4"/>
          <line num="1" count="1" type="stmt"/>
          <line num="2" count="1" type="stmt"/>
          <line num="3" count="1" type="stmt"/>
          <line num="4" count="1" type="stmt"/>
          <line num="5" count="1" type="stmt"/>
          <line num="7" count="1" type="stmt"/>
          <line num="9" count="1" type="stmt"/>
          <line num="12" count="0" type="stmt"/>
          <line num="13" count="0" type="cond" truecount="0" falsecount="2"/>
          <line num="14" count="0" type="stmt"/>
          <line num="16" count="0" type="stmt"/>
          <line num="18" count="0" type="stmt"/>
          <line num="19" count="0" type="stmt"/>
          <line num="20" count="0" type="stmt"/>
          <line num="21" count="0" type="stmt"/>
          <line num="23" count="0" type="stmt"/>
          <line num="24" count="0" type="stmt"/>
          <line num="30" count="1" type="stmt"/>
          <line num="33" count="1" type="stmt"/>
          <line num="34" count="1" type="cond" truecount="1" falsecount="1"/>
          <line num="35" count="0" type="stmt"/>
          <line num="38" count="1" type="stmt"/>
          <line num="39" count="1" type="cond" truecount="1" falsecount="1"/>
          <line num="41" count="1" type="stmt"/>
          <line num="42" count="1" type="stmt"/>
          <line num="45" count="0" type="stmt"/>
          <line num="51" count="1" type="stmt"/>
          <line num="52" count="0" type="stmt"/>
          <line num="55" count="1" type="stmt"/>
        </file>
      </package>
    </metrics>
  </project>
</coverage>
