{"/home/nethmip/pos-system/server/app.js": {"path":"/home/nethmip/pos-system/server/app.js","statementMap":{"0":{"start":{"line":2,"column":11},"end":{"line":2,"column":26}},"1":{"start":{"line":3,"column":14},"end":{"line":3,"column":32}},"2":{"start":{"line":4,"column":15},"end":{"line":4,"column":34}},"3":{"start":{"line":5,"column":17},"end":{"line":5,"column":39}},"4":{"start":{"line":7,"column":17},"end":{"line":7,"column":41}},"5":{"start":{"line":8,"column":17},"end":{"line":8,"column":41}},"6":{"start":{"line":9,"column":18},"end":{"line":9,"column":43}},"7":{"start":{"line":11,"column":10},"end":{"line":11,"column":19}},"8":{"start":{"line":14,"column":0},"end":{"line":14,"column":27}},"9":{"start":{"line":15,"column":0},"end":{"line":15,"column":50}},"10":{"start":{"line":18,"column":0},"end":{"line":21,"column":34}},"11":{"start":{"line":20,"column":14},"end":{"line":20,"column":49}},"12":{"start":{"line":21,"column":16},"end":{"line":21,"column":32}},"13":{"start":{"line":23,"column":0},"end":{"line":23,"column":16}},"14":{"start":{"line":26,"column":0},"end":{"line":26,"column":30}},"15":{"start":{"line":27,"column":0},"end":{"line":27,"column":30}},"16":{"start":{"line":28,"column":0},"end":{"line":28,"column":32}},"17":{"start":{"line":30,"column":0},"end":{"line":30,"column":21}}},"fnMap":{"0":{"name":"(anonymous_0)","decl":{"start":{"line":20,"column":8},"end":{"line":20,"column":9}},"loc":{"start":{"line":20,"column":14},"end":{"line":20,"column":49}},"line":20},"1":{"name":"(anonymous_1)","decl":{"start":{"line":21,"column":9},"end":{"line":21,"column":10}},"loc":{"start":{"line":21,"column":16},"end":{"line":21,"column":32}},"line":21}},"branchMap":{},"s":{"0":3,"1":3,"2":3,"3":3,"4":3,"5":3,"6":3,"7":3,"8":3,"9":3,"10":3,"11":3,"12":0,"13":3,"14":3,"15":3,"16":3,"17":3},"f":{"0":3,"1":0},"b":{},"_coverageSchema":"332fd63041d2c1bcb487cc26dd0d5f7d97098a6c","hash":"1487f2aa83d0037a9e64dfb28d2fb772224df72b"}
,"/home/nethmip/pos-system/server/models/item.js": {"path":"/home/nethmip/pos-system/server/models/item.js","statementMap":{"0":{"start":{"line":1,"column":15},"end":{"line":1,"column":34}},"1":{"start":{"line":2,"column":20},"end":{"line":2,"column":54}},"2":{"start":{"line":3,"column":13},"end":{"line":3,"column":28}},"3":{"start":{"line":5,"column":13},"end":{"line":17,"column":2}},"4":{"start":{"line":19,"column":0},"end":{"line":19,"column":46}},"5":{"start":{"line":20,"column":0},"end":{"line":20,"column":84}},"6":{"start":{"line":22,"column":0},"end":{"line":22,"column":48}}},"fnMap":{},"branchMap":{},"s":{"0":3,"1":3,"2":3,"3":3,"4":3,"5":3,"6":3},"f":{},"b":{},"_coverageSchema":"332fd63041d2c1bcb487cc26dd0d5f7d97098a6c","hash":"6643eec9b338e5cabd3b1823e0fcdf37e9dc23d0"}
,"/home/nethmip/pos-system/server/models/order.js": {"path":"/home/nethmip/pos-system/server/models/order.js","statementMap":{"0":{"start":{"line":1,"column":15},"end":{"line":1,"column":34}},"1":{"start":{"line":2,"column":20},"end":{"line":2,"column":54}},"2":{"start":{"line":3,"column":13},"end":{"line":3,"column":28}},"3":{"start":{"line":5,"column":13},"end":{"line":16,"column":2}},"4":{"start":{"line":18,"column":0},"end":{"line":18,"column":46}},"5":{"start":{"line":19,"column":0},"end":{"line":19,"column":86}},"6":{"start":{"line":21,"column":0},"end":{"line":21,"column":49}}},"fnMap":{},"branchMap":{},"s":{"0":3,"1":3,"2":3,"3":3,"4":3,"5":3,"6":3},"f":{},"b":{},"_coverageSchema":"332fd63041d2c1bcb487cc26dd0d5f7d97098a6c","hash":"2eda949fbae423ec6bfd7cebd6c1ec9583da3bc6"}
,"/home/nethmip/pos-system/server/models/user.js": {"path":"/home/nethmip/pos-system/server/models/user.js","statementMap":{"0":{"start":{"line":1,"column":15},"end":{"line":1,"column":34}},"1":{"start":{"line":2,"column":20},"end":{"line":2,"column":54}},"2":{"start":{"line":3,"column":13},"end":{"line":3,"column":28}},"3":{"start":{"line":5,"column":13},"end":{"line":14,"column":2}},"4":{"start":{"line":16,"column":0},"end":{"line":16,"column":46}},"5":{"start":{"line":17,"column":0},"end":{"line":17,"column":84}},"6":{"start":{"line":19,"column":0},"end":{"line":19,"column":48}}},"fnMap":{},"branchMap":{},"s":{"0":3,"1":3,"2":3,"3":3,"4":3,"5":3,"6":3},"f":{},"b":{},"_coverageSchema":"332fd63041d2c1bcb487cc26dd0d5f7d97098a6c","hash":"65b8dde2b2f9463d62f19de6a24fa5cc79beaee6"}
,"/home/nethmip/pos-system/server/routes/auth.js": {"path":"/home/nethmip/pos-system/server/routes/auth.js","statementMap":{"0":{"start":{"line":1,"column":10},"end":{"line":1,"column":33}},"1":{"start":{"line":3,"column":15},"end":{"line":3,"column":28}},"2":{"start":{"line":5,"column":0},"end":{"line":22,"column":2}},"3":{"start":{"line":6,"column":18},"end":{"line":6,"column":42}},"4":{"start":{"line":7,"column":4},"end":{"line":21,"column":5}},"5":{"start":{"line":8,"column":6},"end":{"line":18,"column":9}},"6":{"start":{"line":9,"column":8},"end":{"line":16,"column":9}},"7":{"start":{"line":10,"column":10},"end":{"line":10,"column":38}},"8":{"start":{"line":11,"column":10},"end":{"line":11,"column":44}},"9":{"start":{"line":13,"column":10},"end":{"line":13,"column":37}},"10":{"start":{"line":14,"column":10},"end":{"line":14,"column":26}},"11":{"start":{"line":15,"column":10},"end":{"line":15,"column":17}},"12":{"start":{"line":20,"column":6},"end":{"line":20,"column":43}}},"fnMap":{"0":{"name":"(anonymous_0)","decl":{"start":{"line":5,"column":17},"end":{"line":5,"column":18}},"loc":{"start":{"line":5,"column":37},"end":{"line":22,"column":1}},"line":5},"1":{"name":"(anonymous_1)","decl":{"start":{"line":8,"column":32},"end":{"line":8,"column":33}},"loc":{"start":{"line":8,"column":47},"end":{"line":18,"column":7}},"line":8}},"branchMap":{"0":{"loc":{"start":{"line":7,"column":4},"end":{"line":21,"column":5}},"type":"if","locations":[{"start":{"line":7,"column":4},"end":{"line":21,"column":5}},{"start":{"line":7,"column":4},"end":{"line":21,"column":5}}],"line":7},"1":{"loc":{"start":{"line":9,"column":8},"end":{"line":16,"column":9}},"type":"if","locations":[{"start":{"line":9,"column":8},"end":{"line":16,"column":9}},{"start":{"line":9,"column":8},"end":{"line":16,"column":9}}],"line":9}},"s":{"0":3,"1":3,"2":3,"3":21,"4":21,"5":19,"6":19,"7":1,"8":1,"9":18,"10":18,"11":18,"12":2},"f":{"0":21,"1":19},"b":{"0":[19,2],"1":[1,18]},"_coverageSchema":"332fd63041d2c1bcb487cc26dd0d5f7d97098a6c","hash":"e702f6fdb6f8ec802c8151e33bdd6ccc1c80d694"}
,"/home/nethmip/pos-system/server/routes/item.js": {"path":"/home/nethmip/pos-system/server/routes/item.js","statementMap":{"0":{"start":{"line":1,"column":14},"end":{"line":1,"column":32}},"1":{"start":{"line":2,"column":13},"end":{"line":2,"column":29}},"2":{"start":{"line":4,"column":11},"end":{"line":4,"column":36}},"3":{"start":{"line":5,"column":11},"end":{"line":5,"column":28}},"4":{"start":{"line":8,"column":0},"end":{"line":11,"column":3}},"5":{"start":{"line":9,"column":4},"end":{"line":10,"column":38}},"6":{"start":{"line":10,"column":21},"end":{"line":10,"column":36}},"7":{"start":{"line":14,"column":0},"end":{"line":20,"column":3}},"8":{"start":{"line":15,"column":4},"end":{"line":19,"column":7}},"9":{"start":{"line":16,"column":8},"end":{"line":17,"column":53}},"10":{"start":{"line":17,"column":12},"end":{"line":17,"column":53}},"11":{"start":{"line":18,"column":8},"end":{"line":18,"column":23}},"12":{"start":{"line":23,"column":0},"end":{"line":26,"column":3}},"13":{"start":{"line":24,"column":20},"end":{"line":24,"column":38}},"14":{"start":{"line":25,"column":4},"end":{"line":25,"column":48}},"15":{"start":{"line":25,"column":32},"end":{"line":25,"column":46}},"16":{"start":{"line":29,"column":0},"end":{"line":33,"column":5}},"17":{"start":{"line":30,"column":4},"end":{"line":32,"column":62}},"18":{"start":{"line":31,"column":20},"end":{"line":31,"column":73}},"19":{"start":{"line":31,"column":45},"end":{"line":31,"column":72}},"20":{"start":{"line":32,"column":20},"end":{"line":32,"column":60}},"21":{"start":{"line":35,"column":0},"end":{"line":35,"column":24}}},"fnMap":{"0":{"name":"(anonymous_0)","decl":{"start":{"line":8,"column":29},"end":{"line":8,"column":30}},"loc":{"start":{"line":8,"column":43},"end":{"line":11,"column":1}},"line":8},"1":{"name":"(anonymous_1)","decl":{"start":{"line":10,"column":12},"end":{"line":10,"column":13}},"loc":{"start":{"line":10,"column":21},"end":{"line":10,"column":36}},"line":10},"2":{"name":"(anonymous_2)","decl":{"start":{"line":14,"column":32},"end":{"line":14,"column":33}},"loc":{"start":{"line":14,"column":46},"end":{"line":20,"column":1}},"line":14},"3":{"name":"(anonymous_3)","decl":{"start":{"line":15,"column":33},"end":{"line":15,"column":34}},"loc":{"start":{"line":15,"column":48},"end":{"line":19,"column":5}},"line":15},"4":{"name":"(anonymous_4)","decl":{"start":{"line":23,"column":30},"end":{"line":23,"column":31}},"loc":{"start":{"line":23,"column":44},"end":{"line":26,"column":1}},"line":23},"5":{"name":"(anonymous_5)","decl":{"start":{"line":25,"column":24},"end":{"line":25,"column":25}},"loc":{"start":{"line":25,"column":32},"end":{"line":25,"column":46}},"line":25},"6":{"name":"(anonymous_6)","decl":{"start":{"line":29,"column":35},"end":{"line":29,"column":36}},"loc":{"start":{"line":29,"column":49},"end":{"line":33,"column":3}},"line":29},"7":{"name":"(anonymous_7)","decl":{"start":{"line":31,"column":12},"end":{"line":31,"column":13}},"loc":{"start":{"line":31,"column":20},"end":{"line":31,"column":73}},"line":31},"8":{"name":"(anonymous_8)","decl":{"start":{"line":31,"column":39},"end":{"line":31,"column":40}},"loc":{"start":{"line":31,"column":45},"end":{"line":31,"column":72}},"line":31},"9":{"name":"(anonymous_9)","decl":{"start":{"line":32,"column":13},"end":{"line":32,"column":14}},"loc":{"start":{"line":32,"column":20},"end":{"line":32,"column":60}},"line":32}},"branchMap":{"0":{"loc":{"start":{"line":16,"column":8},"end":{"line":17,"column":53}},"type":"if","locations":[{"start":{"line":16,"column":8},"end":{"line":17,"column":53}},{"start":{"line":16,"column":8},"end":{"line":17,"column":53}}],"line":16}},"s":{"0":3,"1":3,"2":3,"3":3,"4":3,"5":2,"6":2,"7":3,"8":2,"9":2,"10":1,"11":1,"12":3,"13":1,"14":1,"15":1,"16":3,"17":2,"18":2,"19":1,"20":1,"21":3},"f":{"0":2,"1":2,"2":2,"3":2,"4":1,"5":1,"6":2,"7":2,"8":1,"9":1},"b":{"0":[1,1]},"_coverageSchema":"332fd63041d2c1bcb487cc26dd0d5f7d97098a6c","hash":"57cd0464dca3d374d199ce0d12ec11bc6707e11c"}
,"/home/nethmip/pos-system/server/routes/order.js": {"path":"/home/nethmip/pos-system/server/routes/order.js","statementMap":{"0":{"start":{"line":1,"column":14},"end":{"line":1,"column":32}},"1":{"start":{"line":2,"column":13},"end":{"line":2,"column":29}},"2":{"start":{"line":4,"column":12},"end":{"line":4,"column":38}},"3":{"start":{"line":5,"column":11},"end":{"line":5,"column":36}},"4":{"start":{"line":6,"column":11},"end":{"line":6,"column":28}},"5":{"start":{"line":9,"column":0},"end":{"line":24,"column":3}},"6":{"start":{"line":10,"column":4},"end":{"line":23,"column":5}},"7":{"start":{"line":11,"column":8},"end":{"line":16,"column":15}},"8":{"start":{"line":14,"column":16},"end":{"line":14,"column":75}},"9":{"start":{"line":14,"column":44},"end":{"line":14,"column":74}},"10":{"start":{"line":15,"column":16},"end":{"line":15,"column":33}},"11":{"start":{"line":18,"column":8},"end":{"line":22,"column":15}},"12":{"start":{"line":21,"column":16},"end":{"line":21,"column":33}},"13":{"start":{"line":27,"column":0},"end":{"line":33,"column":3}},"14":{"start":{"line":28,"column":4},"end":{"line":32,"column":10}},"15":{"start":{"line":31,"column":12},"end":{"line":31,"column":38}},"16":{"start":{"line":36,"column":0},"end":{"line":39,"column":3}},"17":{"start":{"line":37,"column":21},"end":{"line":37,"column":40}},"18":{"start":{"line":38,"column":4},"end":{"line":38,"column":51}},"19":{"start":{"line":38,"column":34},"end":{"line":38,"column":49}},"20":{"start":{"line":42,"column":0},"end":{"line":52,"column":3}},"21":{"start":{"line":43,"column":4},"end":{"line":51,"column":10}},"22":{"start":{"line":45,"column":12},"end":{"line":45,"column":36}},"23":{"start":{"line":47,"column":12},"end":{"line":49,"column":15}},"24":{"start":{"line":48,"column":16},"end":{"line":48,"column":37}},"25":{"start":{"line":55,"column":0},"end":{"line":90,"column":3}},"26":{"start":{"line":56,"column":4},"end":{"line":89,"column":11}},"27":{"start":{"line":59,"column":12},"end":{"line":60,"column":63}},"28":{"start":{"line":60,"column":16},"end":{"line":60,"column":63}},"29":{"start":{"line":62,"column":32},"end":{"line":62,"column":37}},"30":{"start":{"line":63,"column":12},"end":{"line":72,"column":15}},"31":{"start":{"line":64,"column":16},"end":{"line":71,"column":17}},"32":{"start":{"line":65,"column":20},"end":{"line":65,"column":41}},"33":{"start":{"line":66,"column":20},"end":{"line":66,"column":51}},"34":{"start":{"line":68,"column":20},"end":{"line":70,"column":23}},"35":{"start":{"line":69,"column":24},"end":{"line":69,"column":56}},"36":{"start":{"line":73,"column":12},"end":{"line":88,"column":13}},"37":{"start":{"line":74,"column":16},"end":{"line":87,"column":19}},"38":{"start":{"line":75,"column":20},"end":{"line":86,"column":21}},"39":{"start":{"line":76,"column":24},"end":{"line":76,"column":63}},"40":{"start":{"line":78,"column":24},"end":{"line":81,"column":27}},"41":{"start":{"line":83,"column":24},"end":{"line":85,"column":27}},"42":{"start":{"line":84,"column":28},"end":{"line":84,"column":60}},"43":{"start":{"line":93,"column":0},"end":{"line":108,"column":3}},"44":{"start":{"line":94,"column":4},"end":{"line":107,"column":10}},"45":{"start":{"line":98,"column":12},"end":{"line":106,"column":13}},"46":{"start":{"line":98,"column":40},"end":{"line":98,"column":83}},"47":{"start":{"line":99,"column":16},"end":{"line":99,"column":67}},"48":{"start":{"line":101,"column":16},"end":{"line":101,"column":98}},"49":{"start":{"line":101,"column":54},"end":{"line":101,"column":97}},"50":{"start":{"line":103,"column":16},"end":{"line":105,"column":19}},"51":{"start":{"line":104,"column":20},"end":{"line":104,"column":52}},"52":{"start":{"line":110,"column":0},"end":{"line":110,"column":24}}},"fnMap":{"0":{"name":"(anonymous_0)","decl":{"start":{"line":9,"column":29},"end":{"line":9,"column":30}},"loc":{"start":{"line":9,"column":43},"end":{"line":24,"column":1}},"line":9},"1":{"name":"(anonymous_1)","decl":{"start":{"line":13,"column":18},"end":{"line":13,"column":19}},"loc":{"start":{"line":13,"column":28},"end":{"line":16,"column":13}},"line":13},"2":{"name":"(anonymous_2)","decl":{"start":{"line":14,"column":39},"end":{"line":14,"column":40}},"loc":{"start":{"line":14,"column":44},"end":{"line":14,"column":74}},"line":14},"3":{"name":"(anonymous_3)","decl":{"start":{"line":20,"column":18},"end":{"line":20,"column":19}},"loc":{"start":{"line":20,"column":28},"end":{"line":22,"column":13}},"line":20},"4":{"name":"(anonymous_4)","decl":{"start":{"line":27,"column":37},"end":{"line":27,"column":38}},"loc":{"start":{"line":27,"column":51},"end":{"line":33,"column":1}},"line":27},"5":{"name":"(anonymous_5)","decl":{"start":{"line":30,"column":14},"end":{"line":30,"column":15}},"loc":{"start":{"line":31,"column":12},"end":{"line":31,"column":38}},"line":31},"6":{"name":"(anonymous_6)","decl":{"start":{"line":36,"column":30},"end":{"line":36,"column":31}},"loc":{"start":{"line":36,"column":44},"end":{"line":39,"column":1}},"line":36},"7":{"name":"(anonymous_7)","decl":{"start":{"line":38,"column":25},"end":{"line":38,"column":26}},"loc":{"start":{"line":38,"column":34},"end":{"line":38,"column":49}},"line":38},"8":{"name":"(anonymous_8)","decl":{"start":{"line":42,"column":32},"end":{"line":42,"column":33}},"loc":{"start":{"line":42,"column":46},"end":{"line":52,"column":1}},"line":42},"9":{"name":"(anonymous_9)","decl":{"start":{"line":44,"column":14},"end":{"line":44,"column":15}},"loc":{"start":{"line":44,"column":23},"end":{"line":51,"column":9}},"line":44},"10":{"name":"(anonymous_10)","decl":{"start":{"line":47,"column":23},"end":{"line":47,"column":24}},"loc":{"start":{"line":47,"column":44},"end":{"line":49,"column":13}},"line":47},"11":{"name":"(anonymous_11)","decl":{"start":{"line":55,"column":46},"end":{"line":55,"column":47}},"loc":{"start":{"line":55,"column":60},"end":{"line":90,"column":1}},"line":55},"12":{"name":"(anonymous_12)","decl":{"start":{"line":58,"column":14},"end":{"line":58,"column":15}},"loc":{"start":{"line":58,"column":23},"end":{"line":89,"column":9}},"line":58},"13":{"name":"(anonymous_13)","decl":{"start":{"line":63,"column":32},"end":{"line":63,"column":33}},"loc":{"start":{"line":63,"column":37},"end":{"line":72,"column":13}},"line":63},"14":{"name":"(anonymous_14)","decl":{"start":{"line":68,"column":31},"end":{"line":68,"column":32}},"loc":{"start":{"line":68,"column":52},"end":{"line":70,"column":21}},"line":68},"15":{"name":"(anonymous_15)","decl":{"start":{"line":74,"column":47},"end":{"line":74,"column":48}},"loc":{"start":{"line":74,"column":63},"end":{"line":87,"column":17}},"line":74},"16":{"name":"(anonymous_16)","decl":{"start":{"line":83,"column":35},"end":{"line":83,"column":36}},"loc":{"start":{"line":83,"column":56},"end":{"line":85,"column":25}},"line":83},"17":{"name":"(anonymous_17)","decl":{"start":{"line":93,"column":60},"end":{"line":93,"column":61}},"loc":{"start":{"line":93,"column":74},"end":{"line":108,"column":1}},"line":93},"18":{"name":"(anonymous_18)","decl":{"start":{"line":96,"column":14},"end":{"line":96,"column":15}},"loc":{"start":{"line":96,"column":23},"end":{"line":107,"column":9}},"line":96},"19":{"name":"(anonymous_19)","decl":{"start":{"line":98,"column":35},"end":{"line":98,"column":36}},"loc":{"start":{"line":98,"column":40},"end":{"line":98,"column":83}},"line":98},"20":{"name":"(anonymous_20)","decl":{"start":{"line":101,"column":49},"end":{"line":101,"column":50}},"loc":{"start":{"line":101,"column":54},"end":{"line":101,"column":97}},"line":101},"21":{"name":"(anonymous_21)","decl":{"start":{"line":103,"column":27},"end":{"line":103,"column":28}},"loc":{"start":{"line":103,"column":48},"end":{"line":105,"column":17}},"line":103}},"branchMap":{"0":{"loc":{"start":{"line":10,"column":4},"end":{"line":23,"column":5}},"type":"if","locations":[{"start":{"line":10,"column":4},"end":{"line":23,"column":5}},{"start":{"line":10,"column":4},"end":{"line":23,"column":5}}],"line":10},"1":{"loc":{"start":{"line":59,"column":12},"end":{"line":60,"column":63}},"type":"if","locations":[{"start":{"line":59,"column":12},"end":{"line":60,"column":63}},{"start":{"line":59,"column":12},"end":{"line":60,"column":63}}],"line":59},"2":{"loc":{"start":{"line":64,"column":16},"end":{"line":71,"column":17}},"type":"if","locations":[{"start":{"line":64,"column":16},"end":{"line":71,"column":17}},{"start":{"line":64,"column":16},"end":{"line":71,"column":17}}],"line":64},"3":{"loc":{"start":{"line":73,"column":12},"end":{"line":88,"column":13}},"type":"if","locations":[{"start":{"line":73,"column":12},"end":{"line":88,"column":13}},{"start":{"line":73,"column":12},"end":{"line":88,"column":13}}],"line":73},"4":{"loc":{"start":{"line":75,"column":20},"end":{"line":86,"column":21}},"type":"if","locations":[{"start":{"line":75,"column":20},"end":{"line":86,"column":21}},{"start":{"line":75,"column":20},"end":{"line":86,"column":21}}],"line":75},"5":{"loc":{"start":{"line":98,"column":12},"end":{"line":106,"column":13}},"type":"if","locations":[{"start":{"line":98,"column":12},"end":{"line":106,"column":13}},{"start":{"line":98,"column":12},"end":{"line":106,"column":13}}],"line":98}},"s":{"0":3,"1":3,"2":3,"3":3,"4":3,"5":3,"6":2,"7":1,"8":1,"9":22,"10":1,"11":1,"12":1,"13":3,"14":1,"15":1,"16":3,"17":1,"18":1,"19":1,"20":3,"21":1,"22":1,"23":1,"24":1,"25":3,"26":4,"27":4,"28":1,"29":3,"30":3,"31":2,"32":1,"33":1,"34":1,"35":1,"36":3,"37":2,"38":2,"39":1,"40":1,"41":1,"42":1,"43":3,"44":2,"45":2,"46":1,"47":1,"48":1,"49":1,"50":1,"51":1,"52":3},"f":{"0":2,"1":1,"2":22,"3":1,"4":1,"5":1,"6":1,"7":1,"8":1,"9":1,"10":1,"11":4,"12":4,"13":2,"14":1,"15":2,"16":1,"17":2,"18":2,"19":1,"20":1,"21":1},"b":{"0":[1,1],"1":[1,3],"2":[1,1],"3":[2,1],"4":[1,1],"5":[1,1]},"_coverageSchema":"332fd63041d2c1bcb487cc26dd0d5f7d97098a6c","hash":"02f73871799322a3c1035798496feac2eb277301"}
,"/home/nethmip/pos-system/server/routes/user.js": {"path":"/home/nethmip/pos-system/server/routes/user.js","statementMap":{"0":{"start":{"line":1,"column":14},"end":{"line":1,"column":32}},"1":{"start":{"line":2,"column":13},"end":{"line":2,"column":29}},"2":{"start":{"line":3,"column":13},"end":{"line":3,"column":32}},"3":{"start":{"line":4,"column":10},"end":{"line":4,"column":33}},"4":{"start":{"line":5,"column":11},"end":{"line":5,"column":36}},"5":{"start":{"line":7,"column":15},"end":{"line":7,"column":28}},"6":{"start":{"line":9,"column":0},"end":{"line":28,"column":3}},"7":{"start":{"line":12,"column":2},"end":{"line":27,"column":5}},"8":{"start":{"line":13,"column":4},"end":{"line":14,"column":61}},"9":{"start":{"line":14,"column":6},"end":{"line":14,"column":61}},"10":{"start":{"line":16,"column":20},"end":{"line":16,"column":38}},"11":{"start":{"line":18,"column":4},"end":{"line":26,"column":7}},"12":{"start":{"line":19,"column":6},"end":{"line":25,"column":9}},"13":{"start":{"line":20,"column":8},"end":{"line":20,"column":32}},"14":{"start":{"line":21,"column":8},"end":{"line":24,"column":42}},"15":{"start":{"line":23,"column":24},"end":{"line":23,"column":38}},"16":{"start":{"line":24,"column":24},"end":{"line":24,"column":40}},"17":{"start":{"line":30,"column":0},"end":{"line":49,"column":3}},"18":{"start":{"line":33,"column":2},"end":{"line":48,"column":5}},"19":{"start":{"line":34,"column":4},"end":{"line":35,"column":50}},"20":{"start":{"line":35,"column":4},"end":{"line":35,"column":50}},"21":{"start":{"line":38,"column":4},"end":{"line":47,"column":7}},"22":{"start":{"line":39,"column":6},"end":{"line":46,"column":7}},"23":{"start":{"line":41,"column":8},"end":{"line":43,"column":11}},"24":{"start":{"line":42,"column":10},"end":{"line":42,"column":51}},"25":{"start":{"line":45,"column":8},"end":{"line":45,"column":58}},"26":{"start":{"line":51,"column":0},"end":{"line":53,"column":3}},"27":{"start":{"line":52,"column":2},"end":{"line":52,"column":29}},"28":{"start":{"line":55,"column":0},"end":{"line":55,"column":24}}},"fnMap":{"0":{"name":"(anonymous_0)","decl":{"start":{"line":9,"column":25},"end":{"line":9,"column":26}},"loc":{"start":{"line":9,"column":39},"end":{"line":28,"column":1}},"line":9},"1":{"name":"(anonymous_1)","decl":{"start":{"line":12,"column":51},"end":{"line":12,"column":52}},"loc":{"start":{"line":12,"column":59},"end":{"line":27,"column":3}},"line":12},"2":{"name":"(anonymous_2)","decl":{"start":{"line":18,"column":23},"end":{"line":18,"column":24}},"loc":{"start":{"line":18,"column":38},"end":{"line":26,"column":5}},"line":18},"3":{"name":"(anonymous_3)","decl":{"start":{"line":19,"column":42},"end":{"line":19,"column":43}},"loc":{"start":{"line":19,"column":57},"end":{"line":25,"column":7}},"line":19},"4":{"name":"(anonymous_4)","decl":{"start":{"line":23,"column":16},"end":{"line":23,"column":17}},"loc":{"start":{"line":23,"column":24},"end":{"line":23,"column":38}},"line":23},"5":{"name":"(anonymous_5)","decl":{"start":{"line":24,"column":17},"end":{"line":24,"column":18}},"loc":{"start":{"line":24,"column":24},"end":{"line":24,"column":40}},"line":24},"6":{"name":"(anonymous_6)","decl":{"start":{"line":30,"column":22},"end":{"line":30,"column":23}},"loc":{"start":{"line":30,"column":36},"end":{"line":49,"column":1}},"line":30},"7":{"name":"(anonymous_7)","decl":{"start":{"line":33,"column":51},"end":{"line":33,"column":52}},"loc":{"start":{"line":33,"column":59},"end":{"line":48,"column":3}},"line":33},"8":{"name":"(anonymous_8)","decl":{"start":{"line":38,"column":58},"end":{"line":38,"column":59}},"loc":{"start":{"line":38,"column":69},"end":{"line":47,"column":5}},"line":38},"9":{"name":"(anonymous_9)","decl":{"start":{"line":41,"column":57},"end":{"line":41,"column":58}},"loc":{"start":{"line":41,"column":73},"end":{"line":43,"column":9}},"line":41},"10":{"name":"(anonymous_10)","decl":{"start":{"line":51,"column":22},"end":{"line":51,"column":23}},"loc":{"start":{"line":51,"column":36},"end":{"line":53,"column":1}},"line":51}},"branchMap":{"0":{"loc":{"start":{"line":13,"column":4},"end":{"line":14,"column":61}},"type":"if","locations":[{"start":{"line":13,"column":4},"end":{"line":14,"column":61}},{"start":{"line":13,"column":4},"end":{"line":14,"column":61}}],"line":13},"1":{"loc":{"start":{"line":34,"column":4},"end":{"line":35,"column":50}},"type":"if","locations":[{"start":{"line":34,"column":4},"end":{"line":35,"column":50}},{"start":{"line":34,"column":4},"end":{"line":35,"column":50}}],"line":34},"2":{"loc":{"start":{"line":39,"column":6},"end":{"line":46,"column":7}},"type":"if","locations":[{"start":{"line":39,"column":6},"end":{"line":46,"column":7}},{"start":{"line":39,"column":6},"end":{"line":46,"column":7}}],"line":39}},"s":{"0":3,"1":3,"2":3,"3":3,"4":3,"5":3,"6":3,"7":2,"8":2,"9":1,"10":1,"11":1,"12":1,"13":1,"14":1,"15":1,"16":0,"17":3,"18":6,"19":6,"20":1,"21":5,"22":5,"23":3,"24":3,"25":2,"26":3,"27":1,"28":3},"f":{"0":2,"1":2,"2":1,"3":1,"4":1,"5":0,"6":6,"7":6,"8":5,"9":3,"10":1},"b":{"0":[1,1],"1":[1,5],"2":[3,2]},"_coverageSchema":"332fd63041d2c1bcb487cc26dd0d5f7d97098a6c","hash":"c0a955730269afd4264dd2c8608ecd78608ad2b6"}
}
