{"/home/nethmip/pos-system/server/app.js": {"path":"/home/nethmip/pos-system/server/app.js","statementMap":{"0":{"start":{"line":2,"column":14},"end":{"line":2,"column":32}},"1":{"start":{"line":3,"column":15},"end":{"line":3,"column":34}},"2":{"start":{"line":4,"column":17},"end":{"line":4,"column":39}},"3":{"start":{"line":6,"column":17},"end":{"line":6,"column":41}},"4":{"start":{"line":7,"column":17},"end":{"line":7,"column":41}},"5":{"start":{"line":8,"column":18},"end":{"line":8,"column":43}},"6":{"start":{"line":10,"column":10},"end":{"line":10,"column":19}},"7":{"start":{"line":13,"column":0},"end":{"line":13,"column":27}},"8":{"start":{"line":14,"column":0},"end":{"line":14,"column":50}},"9":{"start":{"line":17,"column":0},"end":{"line":20,"column":34}},"10":{"start":{"line":19,"column":14},"end":{"line":19,"column":49}},"11":{"start":{"line":20,"column":16},"end":{"line":20,"column":32}},"12":{"start":{"line":22,"column":0},"end":{"line":36,"column":3}},"13":{"start":{"line":24,"column":0},"end":{"line":24,"column":47}},"14":{"start":{"line":25,"column":0},"end":{"line":25,"column":74}},"15":{"start":{"line":27,"column":0},"end":{"line":30,"column":2}},"16":{"start":{"line":31,"column":0},"end":{"line":35,"column":1}},"17":{"start":{"line":32,"column":4},"end":{"line":32,"column":26}},"18":{"start":{"line":34,"column":4},"end":{"line":34,"column":11}},"19":{"start":{"line":39,"column":0},"end":{"line":39,"column":30}},"20":{"start":{"line":40,"column":0},"end":{"line":40,"column":30}},"21":{"start":{"line":41,"column":0},"end":{"line":41,"column":32}},"22":{"start":{"line":43,"column":0},"end":{"line":43,"column":21}}},"fnMap":{"0":{"name":"(anonymous_0)","decl":{"start":{"line":19,"column":8},"end":{"line":19,"column":9}},"loc":{"start":{"line":19,"column":14},"end":{"line":19,"column":49}},"line":19},"1":{"name":"(anonymous_1)","decl":{"start":{"line":20,"column":9},"end":{"line":20,"column":10}},"loc":{"start":{"line":20,"column":16},"end":{"line":20,"column":32}},"line":20},"2":{"name":"(anonymous_2)","decl":{"start":{"line":22,"column":14},"end":{"line":22,"column":15}},"loc":{"start":{"line":22,"column":34},"end":{"line":36,"column":1}},"line":22}},"branchMap":{"0":{"loc":{"start":{"line":31,"column":0},"end":{"line":35,"column":1}},"type":"if","locations":[{"start":{"line":31,"column":0},"end":{"line":35,"column":1}},{"start":{"line":31,"column":0},"end":{"line":35,"column":1}}],"line":31}},"s":{"0":1,"1":1,"2":1,"3":1,"4":1,"5":1,"6":1,"7":1,"8":1,"9":1,"10":1,"11":0,"12":1,"13":10,"14":10,"15":10,"16":10,"17":0,"18":10,"19":1,"20":1,"21":1,"22":1},"f":{"0":1,"1":0,"2":10},"b":{"0":[0,10]},"_coverageSchema":"332fd63041d2c1bcb487cc26dd0d5f7d97098a6c","hash":"0d54811318810269f989864d9487a32c9dc16afb"}
,"/home/nethmip/pos-system/server/models/item.js": {"path":"/home/nethmip/pos-system/server/models/item.js","statementMap":{"0":{"start":{"line":1,"column":15},"end":{"line":1,"column":34}},"1":{"start":{"line":2,"column":13},"end":{"line":2,"column":28}},"2":{"start":{"line":4,"column":13},"end":{"line":16,"column":2}},"3":{"start":{"line":18,"column":0},"end":{"line":18,"column":48}}},"fnMap":{},"branchMap":{},"s":{"0":1,"1":1,"2":1,"3":1},"f":{},"b":{},"_coverageSchema":"332fd63041d2c1bcb487cc26dd0d5f7d97098a6c","hash":"30b2b9d68a7193527742c9549ca277e1553cc012"}
,"/home/nethmip/pos-system/server/models/order.js": {"path":"/home/nethmip/pos-system/server/models/order.js","statementMap":{"0":{"start":{"line":1,"column":15},"end":{"line":1,"column":34}},"1":{"start":{"line":2,"column":13},"end":{"line":2,"column":28}},"2":{"start":{"line":4,"column":13},"end":{"line":15,"column":2}},"3":{"start":{"line":17,"column":0},"end":{"line":17,"column":49}}},"fnMap":{},"branchMap":{},"s":{"0":1,"1":1,"2":1,"3":1},"f":{},"b":{},"_coverageSchema":"332fd63041d2c1bcb487cc26dd0d5f7d97098a6c","hash":"d4593914bdc3baa5dbd1e9729b3d014a4ae0d845"}
,"/home/nethmip/pos-system/server/models/user.js": {"path":"/home/nethmip/pos-system/server/models/user.js","statementMap":{"0":{"start":{"line":1,"column":15},"end":{"line":1,"column":34}},"1":{"start":{"line":2,"column":13},"end":{"line":2,"column":28}},"2":{"start":{"line":4,"column":13},"end":{"line":13,"column":2}},"3":{"start":{"line":15,"column":0},"end":{"line":15,"column":48}}},"fnMap":{},"branchMap":{},"s":{"0":1,"1":1,"2":1,"3":1},"f":{},"b":{},"_coverageSchema":"332fd63041d2c1bcb487cc26dd0d5f7d97098a6c","hash":"f8a75832cdab79d9a3b72070bb6a02120aac26fd"}
,"/home/nethmip/pos-system/server/routes/auth.js": {"path":"/home/nethmip/pos-system/server/routes/auth.js","statementMap":{"0":{"start":{"line":1,"column":10},"end":{"line":1,"column":33}},"1":{"start":{"line":3,"column":15},"end":{"line":3,"column":28}},"2":{"start":{"line":5,"column":0},"end":{"line":29,"column":2}},"3":{"start":{"line":6,"column":18},"end":{"line":6,"column":42}},"4":{"start":{"line":7,"column":4},"end":{"line":28,"column":5}},"5":{"start":{"line":8,"column":6},"end":{"line":20,"column":9}},"6":{"start":{"line":9,"column":8},"end":{"line":18,"column":9}},"7":{"start":{"line":11,"column":10},"end":{"line":11,"column":38}},"8":{"start":{"line":13,"column":10},"end":{"line":13,"column":44}},"9":{"start":{"line":16,"column":10},"end":{"line":16,"column":37}},"10":{"start":{"line":17,"column":10},"end":{"line":17,"column":26}},"11":{"start":{"line":19,"column":8},"end":{"line":19,"column":15}},"12":{"start":{"line":25,"column":6},"end":{"line":25,"column":49}}},"fnMap":{"0":{"name":"(anonymous_0)","decl":{"start":{"line":5,"column":17},"end":{"line":5,"column":18}},"loc":{"start":{"line":5,"column":37},"end":{"line":29,"column":1}},"line":5},"1":{"name":"(anonymous_1)","decl":{"start":{"line":8,"column":32},"end":{"line":8,"column":33}},"loc":{"start":{"line":8,"column":47},"end":{"line":20,"column":7}},"line":8}},"branchMap":{"0":{"loc":{"start":{"line":7,"column":4},"end":{"line":28,"column":5}},"type":"if","locations":[{"start":{"line":7,"column":4},"end":{"line":28,"column":5}},{"start":{"line":7,"column":4},"end":{"line":28,"column":5}}],"line":7},"1":{"loc":{"start":{"line":9,"column":8},"end":{"line":18,"column":9}},"type":"if","locations":[{"start":{"line":9,"column":8},"end":{"line":18,"column":9}},{"start":{"line":9,"column":8},"end":{"line":18,"column":9}}],"line":9}},"s":{"0":1,"1":1,"2":1,"3":9,"4":9,"5":8,"6":8,"7":1,"8":1,"9":7,"10":7,"11":8,"12":1},"f":{"0":9,"1":8},"b":{"0":[8,1],"1":[1,7]},"_coverageSchema":"332fd63041d2c1bcb487cc26dd0d5f7d97098a6c","hash":"3fd93110d97a1a56392eaefa02753d9a88840cc7"}
,"/home/nethmip/pos-system/server/routes/item.js": {"path":"/home/nethmip/pos-system/server/routes/item.js","statementMap":{"0":{"start":{"line":1,"column":14},"end":{"line":1,"column":32}},"1":{"start":{"line":2,"column":13},"end":{"line":2,"column":29}},"2":{"start":{"line":4,"column":11},"end":{"line":4,"column":36}},"3":{"start":{"line":5,"column":11},"end":{"line":5,"column":28}},"4":{"start":{"line":8,"column":0},"end":{"line":11,"column":3}},"5":{"start":{"line":9,"column":4},"end":{"line":10,"column":38}},"6":{"start":{"line":10,"column":21},"end":{"line":10,"column":36}},"7":{"start":{"line":14,"column":0},"end":{"line":20,"column":3}},"8":{"start":{"line":15,"column":4},"end":{"line":19,"column":7}},"9":{"start":{"line":16,"column":8},"end":{"line":17,"column":53}},"10":{"start":{"line":17,"column":12},"end":{"line":17,"column":53}},"11":{"start":{"line":18,"column":8},"end":{"line":18,"column":23}},"12":{"start":{"line":23,"column":0},"end":{"line":26,"column":3}},"13":{"start":{"line":24,"column":20},"end":{"line":24,"column":38}},"14":{"start":{"line":25,"column":4},"end":{"line":25,"column":48}},"15":{"start":{"line":25,"column":32},"end":{"line":25,"column":46}},"16":{"start":{"line":29,"column":0},"end":{"line":33,"column":5}},"17":{"start":{"line":30,"column":4},"end":{"line":32,"column":62}},"18":{"start":{"line":31,"column":20},"end":{"line":31,"column":73}},"19":{"start":{"line":31,"column":45},"end":{"line":31,"column":72}},"20":{"start":{"line":32,"column":20},"end":{"line":32,"column":60}},"21":{"start":{"line":35,"column":0},"end":{"line":35,"column":24}}},"fnMap":{"0":{"name":"(anonymous_0)","decl":{"start":{"line":8,"column":29},"end":{"line":8,"column":30}},"loc":{"start":{"line":8,"column":43},"end":{"line":11,"column":1}},"line":8},"1":{"name":"(anonymous_1)","decl":{"start":{"line":10,"column":12},"end":{"line":10,"column":13}},"loc":{"start":{"line":10,"column":21},"end":{"line":10,"column":36}},"line":10},"2":{"name":"(anonymous_2)","decl":{"start":{"line":14,"column":32},"end":{"line":14,"column":33}},"loc":{"start":{"line":14,"column":46},"end":{"line":20,"column":1}},"line":14},"3":{"name":"(anonymous_3)","decl":{"start":{"line":15,"column":33},"end":{"line":15,"column":34}},"loc":{"start":{"line":15,"column":48},"end":{"line":19,"column":5}},"line":15},"4":{"name":"(anonymous_4)","decl":{"start":{"line":23,"column":30},"end":{"line":23,"column":31}},"loc":{"start":{"line":23,"column":44},"end":{"line":26,"column":1}},"line":23},"5":{"name":"(anonymous_5)","decl":{"start":{"line":25,"column":24},"end":{"line":25,"column":25}},"loc":{"start":{"line":25,"column":32},"end":{"line":25,"column":46}},"line":25},"6":{"name":"(anonymous_6)","decl":{"start":{"line":29,"column":35},"end":{"line":29,"column":36}},"loc":{"start":{"line":29,"column":49},"end":{"line":33,"column":3}},"line":29},"7":{"name":"(anonymous_7)","decl":{"start":{"line":31,"column":12},"end":{"line":31,"column":13}},"loc":{"start":{"line":31,"column":20},"end":{"line":31,"column":73}},"line":31},"8":{"name":"(anonymous_8)","decl":{"start":{"line":31,"column":39},"end":{"line":31,"column":40}},"loc":{"start":{"line":31,"column":45},"end":{"line":31,"column":72}},"line":31},"9":{"name":"(anonymous_9)","decl":{"start":{"line":32,"column":13},"end":{"line":32,"column":14}},"loc":{"start":{"line":32,"column":20},"end":{"line":32,"column":60}},"line":32}},"branchMap":{"0":{"loc":{"start":{"line":16,"column":8},"end":{"line":17,"column":53}},"type":"if","locations":[{"start":{"line":16,"column":8},"end":{"line":17,"column":53}},{"start":{"line":16,"column":8},"end":{"line":17,"column":53}}],"line":16}},"s":{"0":1,"1":1,"2":1,"3":1,"4":1,"5":3,"6":3,"7":1,"8":2,"9":2,"10":1,"11":1,"12":1,"13":1,"14":1,"15":1,"16":1,"17":2,"18":2,"19":1,"20":1,"21":1},"f":{"0":3,"1":3,"2":2,"3":2,"4":1,"5":1,"6":2,"7":2,"8":1,"9":1},"b":{"0":[1,1]},"_coverageSchema":"332fd63041d2c1bcb487cc26dd0d5f7d97098a6c","hash":"57cd0464dca3d374d199ce0d12ec11bc6707e11c"}
,"/home/nethmip/pos-system/server/routes/order.js": {"path":"/home/nethmip/pos-system/server/routes/order.js","statementMap":{"0":{"start":{"line":1,"column":14},"end":{"line":1,"column":32}},"1":{"start":{"line":2,"column":13},"end":{"line":2,"column":29}},"2":{"start":{"line":4,"column":12},"end":{"line":4,"column":38}},"3":{"start":{"line":5,"column":11},"end":{"line":5,"column":36}},"4":{"start":{"line":6,"column":11},"end":{"line":6,"column":28}},"5":{"start":{"line":9,"column":0},"end":{"line":16,"column":3}},"6":{"start":{"line":10,"column":4},"end":{"line":15,"column":11}},"7":{"start":{"line":13,"column":12},"end":{"line":13,"column":71}},"8":{"start":{"line":13,"column":40},"end":{"line":13,"column":70}},"9":{"start":{"line":14,"column":12},"end":{"line":14,"column":29}},"10":{"start":{"line":19,"column":0},"end":{"line":25,"column":3}},"11":{"start":{"line":20,"column":4},"end":{"line":24,"column":10}},"12":{"start":{"line":23,"column":12},"end":{"line":23,"column":38}},"13":{"start":{"line":28,"column":0},"end":{"line":32,"column":3}},"14":{"start":{"line":29,"column":4},"end":{"line":29,"column":23}},"15":{"start":{"line":30,"column":21},"end":{"line":30,"column":40}},"16":{"start":{"line":31,"column":4},"end":{"line":31,"column":51}},"17":{"start":{"line":31,"column":34},"end":{"line":31,"column":49}},"18":{"start":{"line":35,"column":0},"end":{"line":45,"column":3}},"19":{"start":{"line":36,"column":4},"end":{"line":44,"column":10}},"20":{"start":{"line":38,"column":12},"end":{"line":38,"column":36}},"21":{"start":{"line":40,"column":12},"end":{"line":42,"column":15}},"22":{"start":{"line":41,"column":16},"end":{"line":41,"column":37}},"23":{"start":{"line":48,"column":0},"end":{"line":83,"column":3}},"24":{"start":{"line":49,"column":4},"end":{"line":82,"column":11}},"25":{"start":{"line":52,"column":12},"end":{"line":53,"column":63}},"26":{"start":{"line":53,"column":16},"end":{"line":53,"column":63}},"27":{"start":{"line":55,"column":32},"end":{"line":55,"column":37}},"28":{"start":{"line":56,"column":12},"end":{"line":65,"column":15}},"29":{"start":{"line":57,"column":16},"end":{"line":64,"column":17}},"30":{"start":{"line":58,"column":20},"end":{"line":58,"column":41}},"31":{"start":{"line":59,"column":20},"end":{"line":59,"column":51}},"32":{"start":{"line":61,"column":20},"end":{"line":63,"column":23}},"33":{"start":{"line":62,"column":24},"end":{"line":62,"column":56}},"34":{"start":{"line":66,"column":12},"end":{"line":81,"column":13}},"35":{"start":{"line":67,"column":16},"end":{"line":80,"column":19}},"36":{"start":{"line":68,"column":20},"end":{"line":79,"column":21}},"37":{"start":{"line":69,"column":24},"end":{"line":69,"column":63}},"38":{"start":{"line":71,"column":24},"end":{"line":74,"column":27}},"39":{"start":{"line":76,"column":24},"end":{"line":78,"column":27}},"40":{"start":{"line":77,"column":28},"end":{"line":77,"column":60}},"41":{"start":{"line":86,"column":0},"end":{"line":101,"column":3}},"42":{"start":{"line":87,"column":4},"end":{"line":100,"column":10}},"43":{"start":{"line":91,"column":12},"end":{"line":99,"column":13}},"44":{"start":{"line":91,"column":40},"end":{"line":91,"column":83}},"45":{"start":{"line":92,"column":16},"end":{"line":92,"column":67}},"46":{"start":{"line":94,"column":16},"end":{"line":94,"column":98}},"47":{"start":{"line":94,"column":54},"end":{"line":94,"column":97}},"48":{"start":{"line":96,"column":16},"end":{"line":98,"column":19}},"49":{"start":{"line":97,"column":20},"end":{"line":97,"column":52}},"50":{"start":{"line":103,"column":0},"end":{"line":103,"column":24}}},"fnMap":{"0":{"name":"(anonymous_0)","decl":{"start":{"line":9,"column":29},"end":{"line":9,"column":30}},"loc":{"start":{"line":9,"column":43},"end":{"line":16,"column":1}},"line":9},"1":{"name":"(anonymous_1)","decl":{"start":{"line":12,"column":14},"end":{"line":12,"column":15}},"loc":{"start":{"line":12,"column":24},"end":{"line":15,"column":9}},"line":12},"2":{"name":"(anonymous_2)","decl":{"start":{"line":13,"column":35},"end":{"line":13,"column":36}},"loc":{"start":{"line":13,"column":40},"end":{"line":13,"column":70}},"line":13},"3":{"name":"(anonymous_3)","decl":{"start":{"line":19,"column":37},"end":{"line":19,"column":38}},"loc":{"start":{"line":19,"column":51},"end":{"line":25,"column":1}},"line":19},"4":{"name":"(anonymous_4)","decl":{"start":{"line":22,"column":14},"end":{"line":22,"column":15}},"loc":{"start":{"line":23,"column":12},"end":{"line":23,"column":38}},"line":23},"5":{"name":"(anonymous_5)","decl":{"start":{"line":28,"column":30},"end":{"line":28,"column":31}},"loc":{"start":{"line":28,"column":44},"end":{"line":32,"column":1}},"line":28},"6":{"name":"(anonymous_6)","decl":{"start":{"line":31,"column":25},"end":{"line":31,"column":26}},"loc":{"start":{"line":31,"column":34},"end":{"line":31,"column":49}},"line":31},"7":{"name":"(anonymous_7)","decl":{"start":{"line":35,"column":32},"end":{"line":35,"column":33}},"loc":{"start":{"line":35,"column":46},"end":{"line":45,"column":1}},"line":35},"8":{"name":"(anonymous_8)","decl":{"start":{"line":37,"column":14},"end":{"line":37,"column":15}},"loc":{"start":{"line":37,"column":23},"end":{"line":44,"column":9}},"line":37},"9":{"name":"(anonymous_9)","decl":{"start":{"line":40,"column":23},"end":{"line":40,"column":24}},"loc":{"start":{"line":40,"column":44},"end":{"line":42,"column":13}},"line":40},"10":{"name":"(anonymous_10)","decl":{"start":{"line":48,"column":46},"end":{"line":48,"column":47}},"loc":{"start":{"line":48,"column":60},"end":{"line":83,"column":1}},"line":48},"11":{"name":"(anonymous_11)","decl":{"start":{"line":51,"column":14},"end":{"line":51,"column":15}},"loc":{"start":{"line":51,"column":23},"end":{"line":82,"column":9}},"line":51},"12":{"name":"(anonymous_12)","decl":{"start":{"line":56,"column":32},"end":{"line":56,"column":33}},"loc":{"start":{"line":56,"column":37},"end":{"line":65,"column":13}},"line":56},"13":{"name":"(anonymous_13)","decl":{"start":{"line":61,"column":31},"end":{"line":61,"column":32}},"loc":{"start":{"line":61,"column":52},"end":{"line":63,"column":21}},"line":61},"14":{"name":"(anonymous_14)","decl":{"start":{"line":67,"column":47},"end":{"line":67,"column":48}},"loc":{"start":{"line":67,"column":63},"end":{"line":80,"column":17}},"line":67},"15":{"name":"(anonymous_15)","decl":{"start":{"line":76,"column":35},"end":{"line":76,"column":36}},"loc":{"start":{"line":76,"column":56},"end":{"line":78,"column":25}},"line":76},"16":{"name":"(anonymous_16)","decl":{"start":{"line":86,"column":60},"end":{"line":86,"column":61}},"loc":{"start":{"line":86,"column":74},"end":{"line":101,"column":1}},"line":86},"17":{"name":"(anonymous_17)","decl":{"start":{"line":89,"column":14},"end":{"line":89,"column":15}},"loc":{"start":{"line":89,"column":23},"end":{"line":100,"column":9}},"line":89},"18":{"name":"(anonymous_18)","decl":{"start":{"line":91,"column":35},"end":{"line":91,"column":36}},"loc":{"start":{"line":91,"column":40},"end":{"line":91,"column":83}},"line":91},"19":{"name":"(anonymous_19)","decl":{"start":{"line":94,"column":49},"end":{"line":94,"column":50}},"loc":{"start":{"line":94,"column":54},"end":{"line":94,"column":97}},"line":94},"20":{"name":"(anonymous_20)","decl":{"start":{"line":96,"column":27},"end":{"line":96,"column":28}},"loc":{"start":{"line":96,"column":48},"end":{"line":98,"column":17}},"line":96}},"branchMap":{"0":{"loc":{"start":{"line":52,"column":12},"end":{"line":53,"column":63}},"type":"if","locations":[{"start":{"line":52,"column":12},"end":{"line":53,"column":63}},{"start":{"line":52,"column":12},"end":{"line":53,"column":63}}],"line":52},"1":{"loc":{"start":{"line":57,"column":16},"end":{"line":64,"column":17}},"type":"if","locations":[{"start":{"line":57,"column":16},"end":{"line":64,"column":17}},{"start":{"line":57,"column":16},"end":{"line":64,"column":17}}],"line":57},"2":{"loc":{"start":{"line":66,"column":12},"end":{"line":81,"column":13}},"type":"if","locations":[{"start":{"line":66,"column":12},"end":{"line":81,"column":13}},{"start":{"line":66,"column":12},"end":{"line":81,"column":13}}],"line":66},"3":{"loc":{"start":{"line":68,"column":20},"end":{"line":79,"column":21}},"type":"if","locations":[{"start":{"line":68,"column":20},"end":{"line":79,"column":21}},{"start":{"line":68,"column":20},"end":{"line":79,"column":21}}],"line":68},"4":{"loc":{"start":{"line":91,"column":12},"end":{"line":99,"column":13}},"type":"if","locations":[{"start":{"line":91,"column":12},"end":{"line":99,"column":13}},{"start":{"line":91,"column":12},"end":{"line":99,"column":13}}],"line":91}},"s":{"0":1,"1":1,"2":1,"3":1,"4":1,"5":1,"6":0,"7":0,"8":0,"9":0,"10":1,"11":0,"12":0,"13":1,"14":0,"15":0,"16":0,"17":0,"18":1,"19":0,"20":0,"21":0,"22":0,"23":1,"24":0,"25":0,"26":0,"27":0,"28":0,"29":0,"30":0,"31":0,"32":0,"33":0,"34":0,"35":0,"36":0,"37":0,"38":0,"39":0,"40":0,"41":1,"42":0,"43":0,"44":0,"45":0,"46":0,"47":0,"48":0,"49":0,"50":1},"f":{"0":0,"1":0,"2":0,"3":0,"4":0,"5":0,"6":0,"7":0,"8":0,"9":0,"10":0,"11":0,"12":0,"13":0,"14":0,"15":0,"16":0,"17":0,"18":0,"19":0,"20":0},"b":{"0":[0,0],"1":[0,0],"2":[0,0],"3":[0,0],"4":[0,0]},"_coverageSchema":"332fd63041d2c1bcb487cc26dd0d5f7d97098a6c","hash":"5aae55f1c83838e6da96893a87bb54f943ef1e44"}
,"/home/nethmip/pos-system/server/routes/user.js": {"path":"/home/nethmip/pos-system/server/routes/user.js","statementMap":{"0":{"start":{"line":1,"column":14},"end":{"line":1,"column":32}},"1":{"start":{"line":2,"column":13},"end":{"line":2,"column":29}},"2":{"start":{"line":3,"column":13},"end":{"line":3,"column":32}},"3":{"start":{"line":4,"column":10},"end":{"line":4,"column":33}},"4":{"start":{"line":5,"column":11},"end":{"line":5,"column":36}},"5":{"start":{"line":7,"column":15},"end":{"line":7,"column":28}},"6":{"start":{"line":9,"column":0},"end":{"line":28,"column":3}},"7":{"start":{"line":12,"column":2},"end":{"line":27,"column":5}},"8":{"start":{"line":13,"column":4},"end":{"line":14,"column":61}},"9":{"start":{"line":14,"column":6},"end":{"line":14,"column":61}},"10":{"start":{"line":16,"column":20},"end":{"line":16,"column":38}},"11":{"start":{"line":18,"column":4},"end":{"line":26,"column":7}},"12":{"start":{"line":19,"column":6},"end":{"line":25,"column":9}},"13":{"start":{"line":20,"column":8},"end":{"line":20,"column":32}},"14":{"start":{"line":21,"column":8},"end":{"line":24,"column":42}},"15":{"start":{"line":23,"column":24},"end":{"line":23,"column":38}},"16":{"start":{"line":24,"column":24},"end":{"line":24,"column":40}},"17":{"start":{"line":30,"column":0},"end":{"line":49,"column":3}},"18":{"start":{"line":33,"column":2},"end":{"line":48,"column":5}},"19":{"start":{"line":34,"column":4},"end":{"line":35,"column":50}},"20":{"start":{"line":35,"column":4},"end":{"line":35,"column":50}},"21":{"start":{"line":38,"column":4},"end":{"line":47,"column":7}},"22":{"start":{"line":39,"column":6},"end":{"line":46,"column":7}},"23":{"start":{"line":41,"column":8},"end":{"line":43,"column":11}},"24":{"start":{"line":42,"column":10},"end":{"line":42,"column":51}},"25":{"start":{"line":45,"column":8},"end":{"line":45,"column":58}},"26":{"start":{"line":51,"column":0},"end":{"line":53,"column":3}},"27":{"start":{"line":52,"column":2},"end":{"line":52,"column":29}},"28":{"start":{"line":55,"column":0},"end":{"line":55,"column":24}}},"fnMap":{"0":{"name":"(anonymous_0)","decl":{"start":{"line":9,"column":25},"end":{"line":9,"column":26}},"loc":{"start":{"line":9,"column":39},"end":{"line":28,"column":1}},"line":9},"1":{"name":"(anonymous_1)","decl":{"start":{"line":12,"column":51},"end":{"line":12,"column":52}},"loc":{"start":{"line":12,"column":59},"end":{"line":27,"column":3}},"line":12},"2":{"name":"(anonymous_2)","decl":{"start":{"line":18,"column":23},"end":{"line":18,"column":24}},"loc":{"start":{"line":18,"column":38},"end":{"line":26,"column":5}},"line":18},"3":{"name":"(anonymous_3)","decl":{"start":{"line":19,"column":42},"end":{"line":19,"column":43}},"loc":{"start":{"line":19,"column":57},"end":{"line":25,"column":7}},"line":19},"4":{"name":"(anonymous_4)","decl":{"start":{"line":23,"column":16},"end":{"line":23,"column":17}},"loc":{"start":{"line":23,"column":24},"end":{"line":23,"column":38}},"line":23},"5":{"name":"(anonymous_5)","decl":{"start":{"line":24,"column":17},"end":{"line":24,"column":18}},"loc":{"start":{"line":24,"column":24},"end":{"line":24,"column":40}},"line":24},"6":{"name":"(anonymous_6)","decl":{"start":{"line":30,"column":22},"end":{"line":30,"column":23}},"loc":{"start":{"line":30,"column":36},"end":{"line":49,"column":1}},"line":30},"7":{"name":"(anonymous_7)","decl":{"start":{"line":33,"column":51},"end":{"line":33,"column":52}},"loc":{"start":{"line":33,"column":59},"end":{"line":48,"column":3}},"line":33},"8":{"name":"(anonymous_8)","decl":{"start":{"line":38,"column":58},"end":{"line":38,"column":59}},"loc":{"start":{"line":38,"column":69},"end":{"line":47,"column":5}},"line":38},"9":{"name":"(anonymous_9)","decl":{"start":{"line":41,"column":57},"end":{"line":41,"column":58}},"loc":{"start":{"line":41,"column":73},"end":{"line":43,"column":9}},"line":41},"10":{"name":"(anonymous_10)","decl":{"start":{"line":51,"column":22},"end":{"line":51,"column":23}},"loc":{"start":{"line":51,"column":36},"end":{"line":53,"column":1}},"line":51}},"branchMap":{"0":{"loc":{"start":{"line":13,"column":4},"end":{"line":14,"column":61}},"type":"if","locations":[{"start":{"line":13,"column":4},"end":{"line":14,"column":61}},{"start":{"line":13,"column":4},"end":{"line":14,"column":61}}],"line":13},"1":{"loc":{"start":{"line":34,"column":4},"end":{"line":35,"column":50}},"type":"if","locations":[{"start":{"line":34,"column":4},"end":{"line":35,"column":50}},{"start":{"line":34,"column":4},"end":{"line":35,"column":50}}],"line":34},"2":{"loc":{"start":{"line":39,"column":6},"end":{"line":46,"column":7}},"type":"if","locations":[{"start":{"line":39,"column":6},"end":{"line":46,"column":7}},{"start":{"line":39,"column":6},"end":{"line":46,"column":7}}],"line":39}},"s":{"0":1,"1":1,"2":1,"3":1,"4":1,"5":1,"6":1,"7":0,"8":0,"9":0,"10":0,"11":0,"12":0,"13":0,"14":0,"15":0,"16":0,"17":1,"18":1,"19":1,"20":0,"21":1,"22":1,"23":1,"24":1,"25":0,"26":1,"27":0,"28":1},"f":{"0":0,"1":0,"2":0,"3":0,"4":0,"5":0,"6":1,"7":1,"8":1,"9":1,"10":0},"b":{"0":[0,0],"1":[0,1],"2":[1,0]},"_coverageSchema":"332fd63041d2c1bcb487cc26dd0d5f7d97098a6c","hash":"c0a955730269afd4264dd2c8608ecd78608ad2b6"}
}
