TN:
SF:/home/nethmip/pos-system/server/app.js
FN:19,(anonymous_0)
FN:20,(anonymous_1)
FN:22,(anonymous_2)
FNF:3
FNH:2
FNDA:3,(anonymous_0)
FNDA:0,(anonymous_1)
FNDA:28,(anonymous_2)
DA:2,3
DA:3,3
DA:4,3
DA:6,3
DA:7,3
DA:8,3
DA:10,3
DA:13,3
DA:14,3
DA:17,3
DA:19,3
DA:20,0
DA:22,3
DA:24,28
DA:25,28
DA:27,28
DA:31,28
DA:32,0
DA:34,28
DA:39,3
DA:40,3
DA:41,3
DA:43,3
LF:23
LH:21
BRDA:31,0,0,0
BRDA:31,0,1,28
BRF:2
BRH:1
end_of_record
TN:
SF:/home/nethmip/pos-system/server/models/item.js
FNF:0
FNH:0
DA:1,3
DA:2,3
DA:4,3
DA:18,3
LF:4
LH:4
BRF:0
BRH:0
end_of_record
TN:
SF:/home/nethmip/pos-system/server/models/order.js
FNF:0
FNH:0
DA:1,3
DA:2,3
DA:4,3
DA:17,3
LF:4
LH:4
BRF:0
BRH:0
end_of_record
TN:
SF:/home/nethmip/pos-system/server/models/user.js
FNF:0
FNH:0
DA:1,3
DA:2,3
DA:4,3
DA:15,3
LF:4
LH:4
BRF:0
BRH:0
end_of_record
TN:
SF:/home/nethmip/pos-system/server/routes/auth.js
FN:5,(anonymous_0)
FN:8,(anonymous_1)
FNF:2
FNH:2
FNDA:19,(anonymous_0)
FNDA:17,(anonymous_1)
DA:1,3
DA:3,3
DA:5,3
DA:6,19
DA:7,19
DA:8,17
DA:9,17
DA:10,1
DA:11,1
DA:13,16
DA:14,16
DA:15,16
DA:19,2
DA:20,2
LF:14
LH:14
BRDA:7,0,0,17
BRDA:7,0,1,2
BRDA:9,1,0,1
BRDA:9,1,1,16
BRF:4
BRH:4
end_of_record
TN:
SF:/home/nethmip/pos-system/server/routes/item.js
FN:8,(anonymous_0)
FN:10,(anonymous_1)
FN:14,(anonymous_2)
FN:15,(anonymous_3)
FN:23,(anonymous_4)
FN:25,(anonymous_5)
FN:29,(anonymous_6)
FN:31,(anonymous_7)
FN:31,(anonymous_8)
FN:32,(anonymous_9)
FNF:10
FNH:10
FNDA:2,(anonymous_0)
FNDA:2,(anonymous_1)
FNDA:2,(anonymous_2)
FNDA:2,(anonymous_3)
FNDA:1,(anonymous_4)
FNDA:1,(anonymous_5)
FNDA:2,(anonymous_6)
FNDA:2,(anonymous_7)
FNDA:1,(anonymous_8)
FNDA:1,(anonymous_9)
DA:1,3
DA:2,3
DA:4,3
DA:5,3
DA:8,3
DA:9,2
DA:10,2
DA:14,3
DA:15,2
DA:16,2
DA:17,1
DA:18,1
DA:23,3
DA:24,1
DA:25,1
DA:29,3
DA:30,2
DA:31,2
DA:32,1
DA:35,3
LF:20
LH:20
BRDA:16,0,0,1
BRDA:16,0,1,1
BRF:2
BRH:2
end_of_record
TN:
SF:/home/nethmip/pos-system/server/routes/order.js
FN:9,(anonymous_0)
FN:12,(anonymous_1)
FN:13,(anonymous_2)
FN:19,(anonymous_3)
FN:22,(anonymous_4)
FN:28,(anonymous_5)
FN:31,(anonymous_6)
FN:35,(anonymous_7)
FN:37,(anonymous_8)
FN:40,(anonymous_9)
FN:48,(anonymous_10)
FN:51,(anonymous_11)
FN:56,(anonymous_12)
FN:61,(anonymous_13)
FN:67,(anonymous_14)
FN:76,(anonymous_15)
FN:86,(anonymous_16)
FN:89,(anonymous_17)
FN:91,(anonymous_18)
FN:94,(anonymous_19)
FN:96,(anonymous_20)
FNF:21
FNH:19
FNDA:1,(anonymous_0)
FNDA:1,(anonymous_1)
FNDA:0,(anonymous_2)
FNDA:1,(anonymous_3)
FNDA:1,(anonymous_4)
FNDA:1,(anonymous_5)
FNDA:1,(anonymous_6)
FNDA:1,(anonymous_7)
FNDA:1,(anonymous_8)
FNDA:1,(anonymous_9)
FNDA:3,(anonymous_10)
FNDA:3,(anonymous_11)
FNDA:1,(anonymous_12)
FNDA:0,(anonymous_13)
FNDA:2,(anonymous_14)
FNDA:1,(anonymous_15)
FNDA:2,(anonymous_16)
FNDA:2,(anonymous_17)
FNDA:1,(anonymous_18)
FNDA:1,(anonymous_19)
FNDA:1,(anonymous_20)
DA:1,3
DA:2,3
DA:4,3
DA:5,3
DA:6,3
DA:9,3
DA:10,1
DA:13,1
DA:14,1
DA:19,3
DA:20,1
DA:23,1
DA:28,3
DA:29,1
DA:30,1
DA:31,1
DA:35,3
DA:36,1
DA:38,1
DA:40,1
DA:41,1
DA:48,3
DA:49,3
DA:52,3
DA:53,1
DA:55,2
DA:56,2
DA:57,1
DA:58,0
DA:59,0
DA:61,0
DA:62,0
DA:66,2
DA:67,2
DA:68,2
DA:69,1
DA:71,1
DA:76,1
DA:77,1
DA:86,3
DA:87,2
DA:91,2
DA:92,1
DA:94,1
DA:96,1
DA:97,1
DA:103,3
LF:47
LH:43
BRDA:52,0,0,1
BRDA:52,0,1,2
BRDA:57,1,0,0
BRDA:57,1,1,1
BRDA:66,2,0,2
BRDA:66,2,1,0
BRDA:68,3,0,1
BRDA:68,3,1,1
BRDA:91,4,0,1
BRDA:91,4,1,1
BRF:10
BRH:8
end_of_record
TN:
SF:/home/nethmip/pos-system/server/routes/user.js
FN:9,(anonymous_0)
FN:12,(anonymous_1)
FN:18,(anonymous_2)
FN:19,(anonymous_3)
FN:23,(anonymous_4)
FN:24,(anonymous_5)
FN:30,(anonymous_6)
FN:33,(anonymous_7)
FN:38,(anonymous_8)
FN:41,(anonymous_9)
FN:51,(anonymous_10)
FNF:11
FNH:10
FNDA:2,(anonymous_0)
FNDA:2,(anonymous_1)
FNDA:1,(anonymous_2)
FNDA:1,(anonymous_3)
FNDA:1,(anonymous_4)
FNDA:0,(anonymous_5)
FNDA:6,(anonymous_6)
FNDA:6,(anonymous_7)
FNDA:5,(anonymous_8)
FNDA:3,(anonymous_9)
FNDA:1,(anonymous_10)
DA:1,3
DA:2,3
DA:3,3
DA:4,3
DA:5,3
DA:7,3
DA:9,3
DA:12,2
DA:13,2
DA:14,1
DA:16,1
DA:18,1
DA:19,1
DA:20,1
DA:21,1
DA:23,1
DA:24,0
DA:30,3
DA:33,6
DA:34,6
DA:35,1
DA:38,5
DA:39,5
DA:41,3
DA:42,3
DA:45,2
DA:51,3
DA:52,1
DA:55,3
LF:29
LH:28
BRDA:13,0,0,1
BRDA:13,0,1,1
BRDA:34,1,0,1
BRDA:34,1,1,5
BRDA:39,2,0,3
BRDA:39,2,1,2
BRF:6
BRH:6
end_of_record
